[2024-09-12T09:54:22.612889+02:00] app.INFO: [2024-09-12 09:54:22] API request successful {"status_code":200,"response_body":"{\"current_user_url\":\"https://api.github.com/user\",\"current_user_authorizations_html_url\":\"https://github.com/settings/connections/applications{/client_id}\",\"authorizations_url\":\"https://api.github.com"} []
[2024-09-12T09:54:45.858593+02:00] app.INFO: [2024-09-12 09:54:45] API request successful {"status_code":200,"response_body":"{\"current_user_url\":\"https://api.github.com/user\",\"current_user_authorizations_html_url\":\"https://github.com/settings/connections/applications{/client_id}\",\"authorizations_url\":\"https://api.github.com"} []
[2024-09-12T09:54:50.583509+02:00] app.INFO: [2024-09-12 09:54:50] API request successful {"status_code":200,"response_body":"{\"current_user_url\":\"https://api.github.com/user\",\"current_user_authorizations_html_url\":\"https://github.com/settings/connections/applications{/client_id}\",\"authorizations_url\":\"https://api.github.com"} []
[2024-09-12T09:58:09.136837+02:00] app.INFO: Waktu sekarang adalah: 2024-09-12 09:58:09 [] []
[2024-09-12T09:58:10.695095+02:00] app.INFO: Data dari API berhasil diterima {"title":"sunt aut facere repellat provident occaecati excepturi optio reprehenderit","body":"quia et suscipit\nsuscipit recusandae consequuntur expedita et cum\nreprehenderit molestiae ut ut quas totam\nnostrum rerum est autem sunt rem eveniet architecto"} []
[2024-09-12T09:58:12.667991+02:00] app.INFO: Waktu sekarang adalah: 2024-09-12 09:58:12 [] []
[2024-09-12T09:58:14.068089+02:00] app.INFO: Data dari API berhasil diterima {"title":"sunt aut facere repellat provident occaecati excepturi optio reprehenderit","body":"quia et suscipit\nsuscipit recusandae consequuntur expedita et cum\nreprehenderit molestiae ut ut quas totam\nnostrum rerum est autem sunt rem eveniet architecto"} []
[2024-09-12T09:58:15.959046+02:00] app.INFO: Waktu sekarang adalah: 2024-09-12 09:58:15 [] []
[2024-09-12T09:58:17.238976+02:00] app.INFO: Data dari API berhasil diterima {"title":"sunt aut facere repellat provident occaecati excepturi optio reprehenderit","body":"quia et suscipit\nsuscipit recusandae consequuntur expedita et cum\nreprehenderit molestiae ut ut quas totam\nnostrum rerum est autem sunt rem eveniet architecto"} []
[2024-09-12T09:58:41.876336+02:00] app.INFO: Waktu sekarang adalah: 2024-09-12 09:58:41 [] []
[2024-09-12T09:58:43.152276+02:00] app.INFO: Data dari API berhasil diterima {"title":"sunt aut facere repellat provident occaecati excepturi optio reprehenderit","body":"quia et suscipit\nsuscipit recusandae consequuntur expedita et cum\nreprehenderit molestiae ut ut quas totam\nnostrum rerum est autem sunt rem eveniet architecto"} []
[2024-09-12T09:58:45.329717+02:00] app.INFO: Waktu sekarang adalah: 2024-09-12 09:58:45 [] []
[2024-09-12T09:58:46.533030+02:00] app.INFO: Data dari API berhasil diterima {"title":"sunt aut facere repellat provident occaecati excepturi optio reprehenderit","body":"quia et suscipit\nsuscipit recusandae consequuntur expedita et cum\nreprehenderit molestiae ut ut quas totam\nnostrum rerum est autem sunt rem eveniet architecto"} []
[2024-09-12T09:58:52.229347+02:00] app.INFO: Waktu sekarang adalah: 2024-09-12 09:58:52 [] []
[2024-09-12T09:58:53.503284+02:00] app.INFO: Data dari API berhasil diterima {"title":"sunt aut facere repellat provident occaecati excepturi optio reprehenderit","body":"quia et suscipit\nsuscipit recusandae consequuntur expedita et cum\nreprehenderit molestiae ut ut quas totam\nnostrum rerum est autem sunt rem eveniet architecto"} []
[2024-09-12T10:00:50.232483+02:00] app.INFO: Waktu sekarang adalah: 2024-09-12 10:00:50 [] []
[2024-09-12T10:00:51.310919+02:00] app.INFO: Data dari API berhasil diterima {"title":"sunt aut facere repellat provident occaecati excepturi optio reprehenderit","body":"quia et suscipit\nsuscipit recusandae consequuntur expedita et cum\nreprehenderit molestiae ut ut quas totam\nnostrum rerum est autem sunt rem eveniet architecto"} []
[2024-09-12T10:01:01.755812+02:00] app.INFO: Waktu sekarang adalah: 2024-09-12 10:01:01 [] []
[2024-09-12T10:01:02.812757+02:00] app.INFO: Data dari API berhasil diterima {"title":"sunt aut facere repellat provident occaecati excepturi optio reprehenderit","body":"quia et suscipit\nsuscipit recusandae consequuntur expedita et cum\nreprehenderit molestiae ut ut quas totam\nnostrum rerum est autem sunt rem eveniet architecto"} []
[2024-09-12T10:01:06.495758+02:00] app.INFO: Waktu sekarang adalah: 2024-09-12 10:01:06 [] []
[2024-09-12T10:01:07.743331+02:00] app.INFO: Data dari API berhasil diterima {"title":"sunt aut facere repellat provident occaecati excepturi optio reprehenderit","body":"quia et suscipit\nsuscipit recusandae consequuntur expedita et cum\nreprehenderit molestiae ut ut quas totam\nnostrum rerum est autem sunt rem eveniet architecto"} []
[2024-09-12T10:01:10.100399+02:00] app.INFO: Waktu sekarang adalah: 2024-09-12 10:01:10 [] []
[2024-09-12T10:01:11.329466+02:00] app.INFO: Data dari API berhasil diterima {"title":"sunt aut facere repellat provident occaecati excepturi optio reprehenderit","body":"quia et suscipit\nsuscipit recusandae consequuntur expedita et cum\nreprehenderit molestiae ut ut quas totam\nnostrum rerum est autem sunt rem eveniet architecto"} []
[2024-09-12T10:01:13.281358+02:00] app.INFO: Waktu sekarang adalah: 2024-09-12 10:01:13 [] []
[2024-09-12T10:01:14.503037+02:00] app.INFO: Data dari API berhasil diterima {"title":"sunt aut facere repellat provident occaecati excepturi optio reprehenderit","body":"quia et suscipit\nsuscipit recusandae consequuntur expedita et cum\nreprehenderit molestiae ut ut quas totam\nnostrum rerum est autem sunt rem eveniet architecto"} []
[2024-09-12T10:01:16.140216+02:00] app.INFO: Waktu sekarang adalah: 2024-09-12 10:01:16 [] []
[2024-09-12T10:01:17.686412+02:00] app.INFO: Data dari API berhasil diterima {"title":"sunt aut facere repellat provident occaecati excepturi optio reprehenderit","body":"quia et suscipit\nsuscipit recusandae consequuntur expedita et cum\nreprehenderit molestiae ut ut quas totam\nnostrum rerum est autem sunt rem eveniet architecto"} []
[2024-09-12T10:04:30.855577+02:00] app.INFO: Waktu sekarang adalah: 2024-09-12 10:04:30 [] []
[2024-09-12T10:04:31.817027+02:00] app.INFO: Data dari API berhasil diterima {"title":"sunt aut facere repellat provident occaecati excepturi optio reprehenderit","body":"quia et suscipit\nsuscipit recusandae consequuntur expedita et cum\nreprehenderit molestiae ut ut quas totam\nnostrum rerum est autem sunt rem eveniet architecto"} []
[2024-09-12T10:07:34.320951+02:00] app.INFO: Waktu sekarang adalah: 2024-09-12 10:07:34 [] []
[2024-09-12T10:07:34.809146+02:00] app.ERROR: Terjadi kesalahan: cURL error 6: Could not resolve host: api.example.com (see https://curl.haxx.se/libcurl/c/libcurl-errors.html) for https://api.example.com/posts/1 [] []
[2024-09-12T10:07:57.577879+02:00] app.INFO: Waktu sekarang adalah: 2024-09-12 10:07:57 [] []
[2024-09-12T10:07:58.854423+02:00] app.INFO: Waktu sekarang adalah: 2024-09-12 10:07:58 [] []
[2024-09-12T10:07:59.561418+02:00] app.INFO: Waktu sekarang adalah: 2024-09-12 10:07:59 [] []
[2024-09-12T10:08:00.100247+02:00] app.INFO: Waktu sekarang adalah: 2024-09-12 10:08:00 [] []
[2024-09-12T10:08:00.264739+02:00] app.INFO: Waktu sekarang adalah: 2024-09-12 10:08:00 [] []
[2024-09-12T10:08:15.461576+02:00] app.INFO: Waktu sekarang adalah: 2024-09-12 10:08:15 [] []
[2024-09-12T10:08:15.709676+02:00] app.ERROR: Terjadi kesalahan: cURL error 6: Could not resolve host: api.example.com (see https://curl.haxx.se/libcurl/c/libcurl-errors.html) for https://api.example.com/posts/1 [] []
[2024-09-12T10:08:27.629269+02:00] app.INFO: Waktu sekarang adalah: 2024-09-12 10:08:27 [] []
[2024-09-12T10:08:28.469632+02:00] app.INFO: Data dari API berhasil diterima {"title":"sunt aut facere repellat provident occaecati excepturi optio reprehenderit","body":"quia et suscipit\nsuscipit recusandae consequuntur expedita et cum\nreprehenderit molestiae ut ut quas totam\nnostrum rerum est autem sunt rem eveniet architecto"} []
[2024-09-12T15:22:23.191951+07:00] my_logger.INFO: haiii,anda telah mencatat log [] []
[2024-09-12T15:22:24.914913+07:00] my_logger.INFO: haiii,anda telah mencatat log [] []
[2024-09-12T15:22:29.029532+07:00] my_logger.INFO: haiii,anda telah mencatat log [] []
[2024-09-12T15:22:31.711683+07:00] my_logger.INFO: haiii,anda telah mencatat log [] []
